[LOG] System::create                           : Header version = 1.10.01. Current version = 1.10.01.
[LOG] SystemI::setOutputInternal               : Setting output to type 0
[LOG] Manager::init                            : maxchannels = 1024 studioflags = 00000009 flags 00000000 extradriverdata 0000000000000000.
[LOG] SystemI::init                            : FMOD Studio Version: 00011001 (91339)
[LOG] SystemI::init                            : maxchannels = 1024, flags = 00030000, extradriverdata = 0000000000000000
[LOG] SystemI::setOutputInternal               : Setting output to type 8
[LOG] SystemI::setOutputInternal               : Setting output to type 8
[LOG] SystemI::setOutputInternal               : Setting output to type 8
[LOG] OutputWASAPI::init                       : Mix Format (WAVEFORMATEX): wFormatTag=0xFFFE, nChannels=2, nSamplesPerSec=48000, nAvgBytesPerSec=384000, nBlockAlign=8, wBitsPerSample=32, cbSize=22.
[LOG] OutputWASAPI::init                       : Mix Format (WAVEFORMATEXTENSIBLE): wValidBitsPerSample=32, dwChannelMask=0x00000003, SubFormat=00000003-0000-0010-8000-00AA00389B71.
[LOG] OutputWASAPI::init                       : Output buffer size: 4096 samples, latency: 0.00ms, period: 10.00ms, DSP buffer: 1024 * 4
[LOG] SystemI::init                            : Create master channel group and master sound group.
[LOG] SystemI::init                            : Set up emulated output.  1024 channels
[LOG] SystemI::init                            : create the channel pool
[LOG] SystemI::init                            : create the stream thread
[LOG] Thread::initThread                       : Init FMOD stream thread. Priority: 2, Stack Size: 65536, Semaphore: No, Sleep Time: 10, Looping: Yes.
[LOG] SystemI::DSPCodecPoolRegister            : register codec pool for pool type 5
[LOG] Thread::initThread                       : Init FMOD mixer thread. Priority: 3, Stack Size: 49152, Semaphore: No, Sleep Time: 0, Looping: Yes.
[LOG] AsyncManager::init                       : manager 000000001CDFA318 isAsync 1 updatePeriod 0.02
[LOG] Thread::initThread                       : Init FMOD Studio update thread. Priority: 0, Stack Size: 65536, Semaphore: No, Sleep Time: 1, Looping: No.
[LOG] AsyncManager::init                       : done
[LOG] PlaybackSystem::init                     : 
[LOG] Thread::initThread                       : Init FMOD Studio sample load thread. Priority: 0, Stack Size: 65536, Semaphore: No, Sleep Time: 1, Looping: No.
[LOG] PlaybackSystem::init                     : done
[LOG] LiveUpdate::init                         : 
[LOG] Thread::initThread                       : Init FMOD Studio bank load thread. Priority: 0, Stack Size: 65536, Semaphore: No, Sleep Time: 1, Looping: No.
[LOG] Manager::init                            : done.
[LOG] Profile::init                            : Profiler listening on port: 9264
[LOG] Manager::readBank                        : fileversion = 99, compatVersion = 99 (oldest = 44, newest = 99)
[LOG] Manager::readBank                        : fileversion = 99, compatVersion = 99 (oldest = 44, newest = 99)
[LOG] PlaybackSystem::acquireMasterBus         : Setting master channel group format to 3
[LOG] SystemI::createSoundInternal             : filename =  : mode 02000202
[LOG] SystemI::createSoundInternal             : exinfo->cbsize             = 232
[LOG] SystemI::createSoundInternal             : exinfo->length             = 45952
[LOG] SystemI::createSoundInternal             : exinfo->fileoffset         = 19456
[LOG] SystemI::createSoundInternal             : exinfo->numsubsounds       = 1
[LOG] SystemI::createSoundInternal             : exinfo->inclusionlist      = 000000006F05F5FC
[LOG] SystemI::createSoundInternal             : exinfo->inclusionlistnum   = 1
[LOG] SystemI::createSoundInternal             : exinfo->suggestedsoundtype = 5
[LOG] SystemI::createSoundInternal             : exinfo->useropen           = 00007FF94D8E57A0
[LOG] SystemI::createSoundInternal             : exinfo->userclose          = 00007FF94D8E5770
[LOG] SystemI::createSoundInternal             : exinfo->userread           = 00007FF94D8E5870
[LOG] SystemI::createSoundInternal             : exinfo->userseek           = 00007FF94D8E5920
[LOG] SystemI::createSoundInternal             : exinfo->fileuserdata       = 0000000043F18928
[LOG] SystemI::createSoundInternal             : exinfo->initialseekpostype = 1
[LOG] SystemI::DSPCodecPoolRegister            : register codec pool for pool type 5
[LOG] SystemI::createSoundInternal             : Format has 1 subsounds.
[LOG] SystemI::createSoundInternal             : Create as FMOD_CREATESAMPLE
[LOG] SystemI::createSoundInternal             : Multi-sample sound (1 subsounds), create a sample container.
[LOG] SystemI::createSoundInternal             : creating subsound 0/1
[LOG] SystemI::createSample                    : mode 02000202 length 13918 samples, lengthbytes 3168
[LOG] SystemI::createSample                    : channels = 2
[LOG] SystemI::createSample                    : output = 0000000043D2D628
[LOG] OutputSoftware::createSample             : lengthpcm 13918, lengthbytes 3168, channels 2, format 2, freq 48000, mode 0200020a
[LOG] SystemI::createSoundInternal             : No name found in file, use filename.
[LOG] SystemI::createSoundInternal             : done.  OpenState now = FMOD_OPENSTATE_READY.

[LOG] SystemI::createSoundInternal             : filename =  : mode 02000202
[LOG] SystemI::createSoundInternal             : exinfo->cbsize             = 232
[LOG] SystemI::createSoundInternal             : exinfo->length             = 45952
[LOG] SystemI::createSoundInternal             : exinfo->fileoffset         = 19456
[LOG] SystemI::createSoundInternal             : exinfo->numsubsounds       = 1
[LOG] SystemI::createSoundInternal             : exinfo->inclusionlist      = 000000006F05F5FC
[LOG] SystemI::createSoundInternal             : exinfo->inclusionlistnum   = 1
[LOG] SystemI::createSoundInternal             : exinfo->suggestedsoundtype = 5
[LOG] SystemI::createSoundInternal             : exinfo->useropen           = 00007FF94D8E57A0
[LOG] SystemI::createSoundInternal             : exinfo->userclose          = 00007FF94D8E5770
[LOG] SystemI::createSoundInternal             : exinfo->userread           = 00007FF94D8E5870
[LOG] SystemI::createSoundInternal             : exinfo->userseek           = 00007FF94D8E5920
[LOG] SystemI::createSoundInternal             : exinfo->fileuserdata       = 00000000449A45C8
[LOG] SystemI::createSoundInternal             : exinfo->initialseekpostype = 1
[LOG] SystemI::DSPCodecPoolRegister            : register codec pool for pool type 5
[LOG] SystemI::createSoundInternal             : Format has 1 subsounds.
[LOG] SystemI::createSoundInternal             : Create as FMOD_CREATESAMPLE
[LOG] SystemI::createSoundInternal             : Multi-sample sound (1 subsounds), create a sample container.
[LOG] SystemI::createSoundInternal             : creating subsound 0/1
[LOG] SystemI::createSample                    : mode 02000202 length 3527 samples, lengthbytes 1376
[LOG] SystemI::createSample                    : channels = 2
[LOG] SystemI::createSample                    : output = 0000000043D2D628
[LOG] OutputSoftware::createSample             : lengthpcm 3527, lengthbytes 1376, channels 2, format 2, freq 48000, mode 0200020a
[LOG] SystemI::createSoundInternal             : No name found in file, use filename.
[LOG] SystemI::createSoundInternal             : done.  OpenState now = FMOD_OPENSTATE_READY.

[LOG] SystemI::createSoundInternal             : filename =  : mode 02000202
[LOG] SystemI::createSoundInternal             : exinfo->cbsize             = 232
[LOG] SystemI::createSoundInternal             : exinfo->length             = 45952
[LOG] SystemI::createSoundInternal             : exinfo->fileoffset         = 19456
[LOG] SystemI::createSoundInternal             : exinfo->numsubsounds       = 1
[LOG] SystemI::createSoundInternal             : exinfo->inclusionlist      = 000000006F05F5FC
[LOG] SystemI::createSoundInternal             : exinfo->inclusionlistnum   = 1
[LOG] SystemI::createSoundInternal             : exinfo->suggestedsoundtype = 5
[LOG] SystemI::createSoundInternal             : exinfo->useropen           = 00007FF94D8E57A0
[LOG] SystemI::createSoundInternal             : exinfo->userclose          = 00007FF94D8E5770
[LOG] SystemI::createSoundInternal             : exinfo->userread           = 00007FF94D8E5870
[LOG] SystemI::createSoundInternal             : exinfo->userseek           = 00007FF94D8E5920
[LOG] SystemI::createSoundInternal             : exinfo->fileuserdata       = 0000000044A8D208
[LOG] SystemI::createSoundInternal             : exinfo->initialseekpostype = 1
[LOG] SystemI::DSPCodecPoolRegister            : register codec pool for pool type 5
[LOG] SystemI::createSoundInternal             : Format has 1 subsounds.
[LOG] SystemI::createSoundInternal             : Create as FMOD_CREATESAMPLE
[LOG] SystemI::createSoundInternal             : Multi-sample sound (1 subsounds), create a sample container.
[LOG] SystemI::createSoundInternal             : creating subsound 0/1
[LOG] SystemI::createSample                    : mode 02000202 length 23079 samples, lengthbytes 6752
[LOG] SystemI::createSample                    : channels = 2
[LOG] SystemI::createSample                    : output = 0000000043D2D628
[LOG] OutputSoftware::createSample             : lengthpcm 23079, lengthbytes 6752, channels 2, format 2, freq 48000, mode 0200020a
[LOG] SystemI::createSoundInternal             : No name found in file, use filename.
[LOG] SystemI::createSoundInternal             : done.  OpenState now = FMOD_OPENSTATE_READY.

[LOG] SystemI::createSoundInternal             : filename =  : mode 02000202
[LOG] SystemI::createSoundInternal             : exinfo->cbsize             = 232
[LOG] SystemI::createSoundInternal             : exinfo->length             = 45952
[LOG] SystemI::createSoundInternal             : exinfo->fileoffset         = 19456
[LOG] SystemI::createSoundInternal             : exinfo->numsubsounds       = 1
[LOG] SystemI::createSoundInternal             : exinfo->inclusionlist      = 000000006F05F5FC
[LOG] SystemI::createSoundInternal             : exinfo->inclusionlistnum   = 1
[LOG] SystemI::createSoundInternal             : exinfo->suggestedsoundtype = 5
[LOG] SystemI::createSoundInternal             : exinfo->useropen           = 00007FF94D8E57A0
[LOG] SystemI::createSoundInternal             : exinfo->userclose          = 00007FF94D8E5770
[LOG] SystemI::createSoundInternal             : exinfo->userread           = 00007FF94D8E5870
[LOG] SystemI::createSoundInternal             : exinfo->userseek           = 00007FF94D8E5920
[LOG] SystemI::createSoundInternal             : exinfo->fileuserdata       = 0000000044A8D208
[LOG] SystemI::createSoundInternal             : exinfo->initialseekpostype = 1
[LOG] SystemI::DSPCodecPoolRegister            : register codec pool for pool type 5
[LOG] SystemI::createSoundInternal             : Format has 1 subsounds.
[LOG] SystemI::createSoundInternal             : Create as FMOD_CREATESAMPLE
[LOG] SystemI::createSoundInternal             : Multi-sample sound (1 subsounds), create a sample container.
[LOG] SystemI::createSoundInternal             : creating subsound 0/1
[LOG] SystemI::createSample                    : mode 02000202 length 24653 samples, lengthbytes 6784
[LOG] SystemI::createSample                    : channels = 2
[LOG] SystemI::createSample                    : output = 0000000043D2D628
[LOG] OutputSoftware::createSample             : lengthpcm 24653, lengthbytes 6784, channels 2, format 2, freq 48000, mode 0200020a
[LOG] SystemI::createSoundInternal             : No name found in file, use filename.
[LOG] SystemI::createSoundInternal             : done.  OpenState now = FMOD_OPENSTATE_READY.

[LOG] SystemI::createSoundInternal             : filename =  : mode 02000202
[LOG] SystemI::createSoundInternal             : exinfo->cbsize             = 232
[LOG] SystemI::createSoundInternal             : exinfo->length             = 45952
[LOG] SystemI::createSoundInternal             : exinfo->fileoffset         = 19456
[LOG] SystemI::createSoundInternal             : exinfo->numsubsounds       = 1
[LOG] SystemI::createSoundInternal             : exinfo->inclusionlist      = 000000006F05F5FC
[LOG] SystemI::createSoundInternal             : exinfo->inclusionlistnum   = 1
[LOG] SystemI::createSoundInternal             : exinfo->suggestedsoundtype = 5
[LOG] SystemI::createSoundInternal             : exinfo->useropen           = 00007FF94D8E57A0
[LOG] SystemI::createSoundInternal             : exinfo->userclose          = 00007FF94D8E5770
[LOG] SystemI::createSoundInternal             : exinfo->userread           = 00007FF94D8E5870
[LOG] SystemI::createSoundInternal             : exinfo->userseek           = 00007FF94D8E5920
[LOG] SystemI::createSoundInternal             : exinfo->fileuserdata       = 0000000044A8D208
[LOG] SystemI::createSoundInternal             : exinfo->initialseekpostype = 1
[LOG] SystemI::DSPCodecPoolRegister            : register codec pool for pool type 5
[LOG] SystemI::createSoundInternal             : Format has 1 subsounds.
[LOG] SystemI::createSoundInternal             : Create as FMOD_CREATESAMPLE
[LOG] SystemI::createSoundInternal             : Multi-sample sound (1 subsounds), create a sample container.
[LOG] SystemI::createSoundInternal             : creating subsound 0/1
[LOG] SystemI::createSample                    : mode 02000202 length 31548 samples, lengthbytes 9632
[LOG] SystemI::createSample                    : channels = 2
[LOG] SystemI::createSample                    : output = 0000000043D2D628
[LOG] OutputSoftware::createSample             : lengthpcm 31548, lengthbytes 9632, channels 2, format 2, freq 48000, mode 0200020a
[LOG] SystemI::createSoundInternal             : No name found in file, use filename.
[LOG] SystemI::createSoundInternal             : done.  OpenState now = FMOD_OPENSTATE_READY.

[LOG] SystemI::createSoundInternal             : filename =  : mode 02000202
[LOG] SystemI::createSoundInternal             : exinfo->cbsize             = 232
[LOG] SystemI::createSoundInternal             : exinfo->length             = 45952
[LOG] SystemI::createSoundInternal             : exinfo->fileoffset         = 19456
[LOG] SystemI::createSoundInternal             : exinfo->numsubsounds       = 1
[LOG] SystemI::createSoundInternal             : exinfo->inclusionlist      = 000000006F05F5FC
[LOG] SystemI::createSoundInternal             : exinfo->inclusionlistnum   = 1
[LOG] SystemI::createSoundInternal             : exinfo->suggestedsoundtype = 5
[LOG] SystemI::createSoundInternal             : exinfo->useropen           = 00007FF94D8E57A0
[LOG] SystemI::createSoundInternal             : exinfo->userclose          = 00007FF94D8E5770
[LOG] SystemI::createSoundInternal             : exinfo->userread           = 00007FF94D8E5870
[LOG] SystemI::createSoundInternal             : exinfo->userseek           = 00007FF94D8E5920
[LOG] SystemI::createSoundInternal             : exinfo->fileuserdata       = 0000000044A8D208
[LOG] SystemI::createSoundInternal             : exinfo->initialseekpostype = 1
[LOG] SystemI::DSPCodecPoolRegister            : register codec pool for pool type 5
[LOG] SystemI::createSoundInternal             : Format has 1 subsounds.
[LOG] SystemI::createSoundInternal             : Create as FMOD_CREATESAMPLE
[LOG] SystemI::createSoundInternal             : Multi-sample sound (1 subsounds), create a sample container.
[LOG] SystemI::createSoundInternal             : creating subsound 0/1
[LOG] SystemI::createSample                    : mode 02000202 length 21290 samples, lengthbytes 6112
[LOG] SystemI::createSample                    : channels = 2
[LOG] SystemI::createSample                    : output = 0000000043D2D628
[LOG] OutputSoftware::createSample             : lengthpcm 21290, lengthbytes 6112, channels 2, format 2, freq 48000, mode 0200020a
[LOG] SystemI::createSoundInternal             : No name found in file, use filename.
[LOG] SystemI::createSoundInternal             : done.  OpenState now = FMOD_OPENSTATE_READY.

[LOG] SystemI::createSoundInternal             : filename =  : mode 02000202
[LOG] SystemI::createSoundInternal             : exinfo->cbsize             = 232
[LOG] SystemI::createSoundInternal             : exinfo->length             = 45952
[LOG] SystemI::createSoundInternal             : exinfo->fileoffset         = 19456
[LOG] SystemI::createSoundInternal             : exinfo->numsubsounds       = 1
[LOG] SystemI::createSoundInternal             : exinfo->inclusionlist      = 000000006F05F5FC
[LOG] SystemI::createSoundInternal             : exinfo->inclusionlistnum   = 1
[LOG] SystemI::createSoundInternal             : exinfo->suggestedsoundtype = 5
[LOG] SystemI::createSoundInternal             : exinfo->useropen           = 00007FF94D8E57A0
[LOG] SystemI::createSoundInternal             : exinfo->userclose          = 00007FF94D8E5770
[LOG] SystemI::createSoundInternal             : exinfo->userread           = 00007FF94D8E5870
[LOG] SystemI::createSoundInternal             : exinfo->userseek           = 00007FF94D8E5920
[LOG] SystemI::createSoundInternal             : exinfo->fileuserdata       = 0000000044A8D208
[LOG] SystemI::createSoundInternal             : exinfo->initialseekpostype = 1
[LOG] SystemI::DSPCodecPoolRegister            : register codec pool for pool type 5
[LOG] SystemI::createSoundInternal             : Format has 1 subsounds.
[LOG] SystemI::createSoundInternal             : Create as FMOD_CREATESAMPLE
[LOG] SystemI::createSoundInternal             : Multi-sample sound (1 subsounds), create a sample container.
[LOG] SystemI::createSoundInternal             : creating subsound 0/1
[LOG] SystemI::createSample                    : mode 02000202 length 24416 samples, lengthbytes 7040
[LOG] SystemI::createSample                    : channels = 2
[LOG] SystemI::createSample                    : output = 0000000043D2D628
[LOG] OutputSoftware::createSample             : lengthpcm 24416, lengthbytes 7040, channels 2, format 2, freq 48000, mode 0200020a
[LOG] SystemI::createSoundInternal             : No name found in file, use filename.
[LOG] SystemI::createSoundInternal             : done.  OpenState now = FMOD_OPENSTATE_READY.

[LOG] SoundI::release                          :  (00000000446ED228)
[LOG] SoundI::release                          : release subsounds. (00000000446ED228)
[LOG] SoundI::release                          :     playgamebutton (0000000044A6DC38)
[LOG] SoundI::release                          :     done
[LOG] SoundI::release                          : release codec. (00000000446ED228)
[LOG] SoundI::release                          : done
[LOG] SoundI::release                          :  (00000000446EE088)
[LOG] SoundI::release                          : release subsounds. (00000000446EE088)
[LOG] SoundI::release                          :     chooseplayerair (0000000044A6D758)
[LOG] SoundI::release                          :     done
[LOG] SoundI::release                          : release codec. (00000000446EE088)
[LOG] SoundI::release                          : done
[LOG] SoundI::release                          :  (00000000376DF638)
[LOG] SoundI::release                          : release subsounds. (00000000376DF638)
[LOG] SoundI::release                          :     footstep_concrete_01 (0000000044A6C8B8)
[LOG] SoundI::release                          :     done
[LOG] SoundI::release                          : release codec. (00000000376DF638)
[LOG] SoundI::release                          : done
[LOG] SoundI::release                          :  (00000000446EE1F8)
[LOG] SoundI::release                          : release subsounds. (00000000446EE1F8)
[LOG] SoundI::release                          :     footstep_concrete_02 (0000000044A6C578)
[LOG] SoundI::release                          :     done
[LOG] SoundI::release                          : release codec. (00000000446EE1F8)
[LOG] SoundI::release                          : done
[LOG] SoundI::release                          :  (00000000376E0A58)
[LOG] SoundI::release                          : release subsounds. (00000000376E0A58)
[LOG] SoundI::release                          :     footstep_concrete_03 (0000000044A6CD98)
[LOG] SoundI::release                          :     done
[LOG] SoundI::release                          : release codec. (00000000376E0A58)
[LOG] SoundI::release                          : done
[LOG] SoundI::release                          :  (00000000446EE368)
[LOG] SoundI::release                          : release subsounds. (00000000446EE368)
[LOG] SoundI::release                          :     footstep_concrete_04 (0000000044A6D5B8)
[LOG] SoundI::release                          :     done
[LOG] SoundI::release                          : release codec. (00000000446EE368)
[LOG] SoundI::release                          : done
[LOG] SoundI::release                          :  (00000000446ED508)
[LOG] SoundI::release                          : release subsounds. (00000000446ED508)
[LOG] SoundI::release                          :     footstep_concrete_05 (0000000044A6DDD8)
[LOG] SoundI::release                          :     done
[LOG] SoundI::release                          : release codec. (00000000446ED508)
[LOG] SoundI::release                          : done
[LOG] Thread::callback                         : FMOD Studio update thread finished.
[LOG] Thread::callback                         : FMOD Studio bank load thread finished.
[LOG] Profile::disconnectAll                   : Profiler disconnecting all clients
[LOG] Thread::callback                         : FMOD Studio sample load thread finished.
[LOG] LiveUpdate::release                      : 
[LOG] LiveUpdate::reset                        : Reset connection (reason Disconnected)
[LOG] SystemI::close                           : 
[LOG] SystemI::close                           : Stop all sounds
[LOG] Thread::callback                         : FMOD stream thread finished.
[LOG] SystemI::close                           : Stream thread destroyed
[LOG] Thread::callback                         : FMOD mixer thread finished.
[LOG] Profile::disconnectAll                   : Profiler disconnecting all clients
[LOG] SystemI::close                           : Free master channel group.
[LOG] SystemI::close                           : Remove 'master' sound group.
[LOG] SystemI::close                           : Free software output.
[LOG] SystemI::close                           : Free emulated output.
[LOG] SystemI::close                           : Free channel pool.
[LOG] SystemI::close                           : done.

